Using pre-set license
Built from '2020.3/staging' branch; Version is '2020.3.17f1 (a4537701e4ab) revision 10769271'; Using compiler version '192528614'; Build Type 'Release'
OS: 'Windows 10 Pro; OS build 19041.1348; Version 2004; 64bit' Language: 'en' Physical Memory: 32701 MB
BatchMode: 1, IsHumanControllingUs: 0, StartBugReporterOnCrash: 0, Is64bit: 1, IsPro: 0

COMMAND LINE ARGUMENTS:
C:\Program Files\Unity\Hub\Editor\2020.3.17f1\Editor\Unity.exe
-adb2
-batchMode
-noUpm
-name
AssetImportWorker0
-projectPath
C:/Users/KeiMR/Documents/GitHub/4334B2/RTS_TVEAB2
-logFile
Logs/AssetImportWorker0.log
-srvPort
53714
Successfully changed project path to: C:/Users/KeiMR/Documents/GitHub/4334B2/RTS_TVEAB2
C:/Users/KeiMR/Documents/GitHub/4334B2/RTS_TVEAB2
Using Asset Import Pipeline V2.
Refreshing native plugins compatible for Editor in 42.05 ms, found 2 plugins.
Preloading 0 native plugins for Editor in 0.00 ms.
Initialize engine version: 2020.3.17f1 (a4537701e4ab)
[Subsystems] Discovering subsystems at path C:/Program Files/Unity/Hub/Editor/2020.3.17f1/Editor/Data/Resources/UnitySubsystems
[Subsystems] Discovering subsystems at path C:/Users/KeiMR/Documents/GitHub/4334B2/RTS_TVEAB2/Assets
GfxDevice: creating device client; threaded=0
Direct3D:
    Version:  Direct3D 11.0 [level 11.1]
    Renderer: NVIDIA GeForce GTX 1060 6GB (ID=0x1c03)
    Vendor:   
    VRAM:     6052 MB
    Driver:   27.21.14.5671
Initialize mono
Mono path[0] = 'C:/Program Files/Unity/Hub/Editor/2020.3.17f1/Editor/Data/Managed'
Mono path[1] = 'C:/Program Files/Unity/Hub/Editor/2020.3.17f1/Editor/Data/MonoBleedingEdge/lib/mono/unityjit'
Mono config path = 'C:/Program Files/Unity/Hub/Editor/2020.3.17f1/Editor/Data/MonoBleedingEdge/etc'
Using monoOptions --debugger-agent=transport=dt_socket,embedding=1,server=y,suspend=n,address=127.0.0.1:56232
Begin MonoManager ReloadAssembly
Registering precompiled unity dll's ...
Register platform support module: C:/Program Files/Unity/Hub/Editor/2020.3.17f1/Editor/Data/PlaybackEngines/WindowsStandaloneSupport/UnityEditor.WindowsStandalone.Extensions.dll
Registered in 0.002148 seconds.
Native extension for WindowsStandalone target not found
Refreshing native plugins compatible for Editor in 37.61 ms, found 2 plugins.
Preloading 0 native plugins for Editor in 0.00 ms.
Mono: successfully reloaded assembly
- Completed reload, in  1.073 seconds
Domain Reload Profiling:
	ReloadAssembly (1073ms)
		BeginReloadAssembly (58ms)
			ExecutionOrderSort (0ms)
			DisableScriptedObjects (0ms)
			BackupInstance (0ms)
			ReleaseScriptingObjects (0ms)
			CreateAndSetChildDomain (1ms)
		EndReloadAssembly (426ms)
			LoadAssemblies (55ms)
			RebuildTransferFunctionScriptingTraits (0ms)
			SetupTypeCache (162ms)
			ReleaseScriptCaches (0ms)
			RebuildScriptCaches (31ms)
			SetupLoadedEditorAssemblies (163ms)
				LogAssemblyErrors (0ms)
				InitializePlatformSupportModulesInManaged (4ms)
				SetLoadedEditorAssemblies (0ms)
				RefreshPlugins (38ms)
				BeforeProcessingInitializeOnLoad (16ms)
				ProcessInitializeOnLoadAttributes (78ms)
				ProcessInitializeOnLoadMethodAttributes (27ms)
				AfterProcessingInitializeOnLoad (0ms)
				EditorAssembliesLoaded (0ms)
			ExecutionOrderSort2 (0ms)
			AwakeInstancesAfterBackupRestoration (0ms)
Platform modules already initialized, skipping
Registering precompiled user dll's ...
Registered in 0.004714 seconds.
Begin MonoManager ReloadAssembly
Native extension for WindowsStandalone target not found
Refreshing native plugins compatible for Editor in 0.48 ms, found 2 plugins.
Preloading 0 native plugins for Editor in 0.00 ms.
Mono: successfully reloaded assembly
- Completed reload, in  1.193 seconds
Domain Reload Profiling:
	ReloadAssembly (1194ms)
		BeginReloadAssembly (150ms)
			ExecutionOrderSort (0ms)
			DisableScriptedObjects (4ms)
			BackupInstance (0ms)
			ReleaseScriptingObjects (0ms)
			CreateAndSetChildDomain (19ms)
		EndReloadAssembly (976ms)
			LoadAssemblies (90ms)
			RebuildTransferFunctionScriptingTraits (0ms)
			SetupTypeCache (300ms)
			ReleaseScriptCaches (0ms)
			RebuildScriptCaches (44ms)
			SetupLoadedEditorAssemblies (447ms)
				LogAssemblyErrors (0ms)
				InitializePlatformSupportModulesInManaged (5ms)
				SetLoadedEditorAssemblies (0ms)
				RefreshPlugins (1ms)
				BeforeProcessingInitializeOnLoad (87ms)
				ProcessInitializeOnLoadAttributes (342ms)
				ProcessInitializeOnLoadMethodAttributes (4ms)
				AfterProcessingInitializeOnLoad (7ms)
				EditorAssembliesLoaded (0ms)
			ExecutionOrderSort2 (0ms)
			AwakeInstancesAfterBackupRestoration (8ms)
Platform modules already initialized, skipping
========================================================================
Worker process is ready to serve import requests
Launched and connected shader compiler UnityShaderCompiler.exe after 0.07 seconds
Refreshing native plugins compatible for Editor in 0.36 ms, found 2 plugins.
Preloading 0 native plugins for Editor in 0.00 ms.
Unloading 1787 Unused Serialized files (Serialized files now loaded: 0)
System memory in use before: 84.4 MB.
System memory in use after: 84.4 MB.

Unloading 20 unused Assets to reduce memory usage. Loaded Objects now: 2226.
Total: 2.830600 ms (FindLiveObjects: 0.172400 ms CreateObjectMapping: 0.061500 ms MarkObjects: 2.494400 ms  DeleteObjects: 0.100600 ms)

AssetImportParameters requested are different than current active one (requested -> active):
  custom:framework-win-MediaFoundation: 216162199b28c13a410421893ffa2e32 -> 
  custom:video-decoder-ogg-theora: a1e56fd34408186e4bbccfd4996cb3dc -> 
  custom:container-muxer-webm: aa71ff27fc2769a1b78a27578f13a17b -> 
  custom:container-demuxer-webm: 4f35f7cbe854078d1ac9338744f61a02 -> 
  custom:container-demuxer-ogg: 62fdf1f143b41e24485cea50d1cbac27 -> 
  custom:video-encoder-webm-vp8: eb34c28f22e8b96e1ab97ce403110664 -> 
  custom:video-decoder-webm-vp8: 9c59270c3fd7afecdb556c50c9e8de78 -> 
  custom:audio-decoder-ogg-vorbis: bf7c407c2cedff20999df2af8eb42d56 -> 
  custom:audio-encoder-webm-vorbis: bf7c407c2cedff20999df2af8eb42d56 -> 
========================================================================
Received Import Request.
  path: Assets/New Terrain 1.asset
  artifactKey: Guid(a804fcd92e6d3ce41b6a8d6bc02dfd3d) Importer(815301076,1909f56bfc062723c751e8b465ee728b)
Start importing Assets/New Terrain 1.asset using Guid(a804fcd92e6d3ce41b6a8d6bc02dfd3d) Importer(815301076,1909f56bfc062723c751e8b465ee728b)  -> (artifact id: '64a27d2d469a4d76ff2dbf4ca096f266') in 0.048391 seconds 
  Import took 0.051291 seconds .

========================================================================
Received Import Request.
  Time since last request: 0.000165 seconds.
  path: Assets/New Terrain.asset
  artifactKey: Guid(d171beb6c2b86e74ba5b49f426447fad) Importer(815301076,1909f56bfc062723c751e8b465ee728b)
Start importing Assets/New Terrain.asset using Guid(d171beb6c2b86e74ba5b49f426447fad) Importer(815301076,1909f56bfc062723c751e8b465ee728b)  -> (artifact id: '267d3962d43ba19d973b4cff162e1e0b') in 0.042244 seconds 
  Import took 0.048356 seconds .

========================================================================
Received Import Request.
  Time since last request: 24.963981 seconds.
  path: Assets/AssetStoreTools
  artifactKey: Guid(8466fccc5fcd4d74ea48c2a9411d446d) Importer(815301076,1909f56bfc062723c751e8b465ee728b)
Start importing Assets/AssetStoreTools using Guid(8466fccc5fcd4d74ea48c2a9411d446d) Importer(815301076,1909f56bfc062723c751e8b465ee728b)  -> (artifact id: '39da826e90ee6bda511a4549e06a06c6') in 0.005647 seconds 
  Import took 0.008179 seconds .

========================================================================
Received Import Request.
  Time since last request: 0.008264 seconds.
  path: Assets/AssetStoreTools
  artifactKey: Guid(8466fccc5fcd4d74ea48c2a9411d446d) Importer(815301076,1909f56bfc062723c751e8b465ee728b)
Start importing Assets/AssetStoreTools using Guid(8466fccc5fcd4d74ea48c2a9411d446d) Importer(815301076,1909f56bfc062723c751e8b465ee728b)  -> (artifact id: '39da826e90ee6bda511a4549e06a06c6') in 0.002528 seconds 
  Import took 0.005570 seconds .

========================================================================
Received Import Request.
  Time since last request: 0.461686 seconds.
  path: Assets/Scenes
  artifactKey: Guid(3cab8ba8b3311be44ae4ffec66550613) Importer(815301076,1909f56bfc062723c751e8b465ee728b)
Start importing Assets/Scenes using Guid(3cab8ba8b3311be44ae4ffec66550613) Importer(815301076,1909f56bfc062723c751e8b465ee728b)  -> (artifact id: '16438ae4f9be2f2f44c0e294c8d06d5b') in 0.006110 seconds 
  Import took 0.008709 seconds .

========================================================================
Received Import Request.
  Time since last request: 0.576041 seconds.
  path: Assets/NuEATest01
  artifactKey: Guid(d0ba1b642333c0045a5fa7d3c39c53d2) Importer(815301076,1909f56bfc062723c751e8b465ee728b)
Start importing Assets/NuEATest01 using Guid(d0ba1b642333c0045a5fa7d3c39c53d2) Importer(815301076,1909f56bfc062723c751e8b465ee728b)  -> (artifact id: '3d8846a3b727cf3aba20a89b19cfbb30') in 0.006009 seconds 
  Import took 0.009048 seconds .

========================================================================
Received Import Request.
  Time since last request: 0.401388 seconds.
  path: Assets/AssetStoreTools/AS_Checklist.asset
  artifactKey: Guid(327099d4e9340ad47a3668ce930a74cf) Importer(815301076,1909f56bfc062723c751e8b465ee728b)
Start importing Assets/AssetStoreTools/AS_Checklist.asset using Guid(327099d4e9340ad47a3668ce930a74cf) Importer(815301076,1909f56bfc062723c751e8b465ee728b)  -> (artifact id: '25e451e6a283109f142f0ad4c79949d2') in 0.009179 seconds 
  Import took 0.011907 seconds .

========================================================================
Received Import Request.
  Time since last request: 4.078947 seconds.
  path: Assets/NuEATest01/Scripts
  artifactKey: Guid(72ad48be296a7754a9803b507b8646cf) Importer(815301076,1909f56bfc062723c751e8b465ee728b)
Start importing Assets/NuEATest01/Scripts using Guid(72ad48be296a7754a9803b507b8646cf) Importer(815301076,1909f56bfc062723c751e8b465ee728b)  -> (artifact id: 'd27fa7113415352ce58495c911b5d4c2') in 0.007487 seconds 
  Import took 0.009999 seconds .

========================================================================
Received Import Request.
  Time since last request: 11.363872 seconds.
  path: Assets/NuEATest01/Scripts/kmr
  artifactKey: Guid(efd182ee4814b72479be3704a20b8ca3) Importer(815301076,1909f56bfc062723c751e8b465ee728b)
Start importing Assets/NuEATest01/Scripts/kmr using Guid(efd182ee4814b72479be3704a20b8ca3) Importer(815301076,1909f56bfc062723c751e8b465ee728b)  -> (artifact id: '65f9574b27cb852509d9e5ee7ac665a7') in 0.006785 seconds 
  Import took 0.009521 seconds .

========================================================================
Received Import Request.
  Time since last request: 11.372976 seconds.
  path: Assets/NuEATest01/Scripts/kmr/bullet.prefab
  artifactKey: Guid(c7c3a5bc01757af499cdc15c8fa53080) Importer(815301076,1909f56bfc062723c751e8b465ee728b)
Start importing Assets/NuEATest01/Scripts/kmr/bullet.prefab using Guid(c7c3a5bc01757af499cdc15c8fa53080) Importer(815301076,1909f56bfc062723c751e8b465ee728b)  -> (artifact id: 'a168fbe2de0ee880f7a7d45be5a06157') in 0.266918 seconds 
  Import took 0.270355 seconds .

========================================================================
Received Import Request.
  Time since last request: 0.000201 seconds.
  path: Assets/NuEATest01/Scripts/kmr/Capsule (1).prefab
  artifactKey: Guid(bd0d030c09257024cad5fa7e7e7666c0) Importer(815301076,1909f56bfc062723c751e8b465ee728b)
Start importing Assets/NuEATest01/Scripts/kmr/Capsule (1).prefab using Guid(bd0d030c09257024cad5fa7e7e7666c0) Importer(815301076,1909f56bfc062723c751e8b465ee728b)  -> (artifact id: 'b19de122275ecb3a6dfafe7d027a899c') in 0.013075 seconds 
  Import took 0.015836 seconds .

========================================================================
Received Import Request.
  Time since last request: 21.544152 seconds.
  path: Assets/NuEATest01/Scripts/kmr/bullet.cs
  artifactKey: Guid(958b85d96d3889441aa936937e9f2312) Importer(815301076,1909f56bfc062723c751e8b465ee728b)
Start importing Assets/NuEATest01/Scripts/kmr/bullet.cs using Guid(958b85d96d3889441aa936937e9f2312) Importer(815301076,1909f56bfc062723c751e8b465ee728b)  -> (artifact id: '71abe85e566fdbfaa8b13ed73187fa48') in 0.010269 seconds 
  Import took 0.013080 seconds .

========================================================================
Received Import Request.
  Time since last request: 0.001157 seconds.
  path: Assets/NuEATest01/Scripts/kmr/bullet.cs
  artifactKey: Guid(958b85d96d3889441aa936937e9f2312) Importer(815301076,1909f56bfc062723c751e8b465ee728b)
Start importing Assets/NuEATest01/Scripts/kmr/bullet.cs using Guid(958b85d96d3889441aa936937e9f2312) Importer(815301076,1909f56bfc062723c751e8b465ee728b)  -> (artifact id: '71abe85e566fdbfaa8b13ed73187fa48') in 0.002546 seconds 
  Import took 0.006183 seconds .

========================================================================
Received Import Request.
  Time since last request: 4.124752 seconds.
  path: Assets/NuEATest01/Scene/Demo.unity
  artifactKey: Guid(4b8fcc6306faf21429ea5c4ac271c37b) Importer(815301076,1909f56bfc062723c751e8b465ee728b)
Start importing Assets/NuEATest01/Scene/Demo.unity using Guid(4b8fcc6306faf21429ea5c4ac271c37b) Importer(815301076,1909f56bfc062723c751e8b465ee728b)  -> (artifact id: '97ea56daf21cd5a865548b5df2f622aa') in 0.006637 seconds 
  Import took 0.009399 seconds .

========================================================================
Received Import Request.
  Time since last request: 0.297215 seconds.
  path: Assets/NuEATest01/Scene/Demo_Start.unity
  artifactKey: Guid(d318514206ca1cf4dab887c6a36d4dd9) Importer(815301076,1909f56bfc062723c751e8b465ee728b)
Start importing Assets/NuEATest01/Scene/Demo_Start.unity using Guid(d318514206ca1cf4dab887c6a36d4dd9) Importer(815301076,1909f56bfc062723c751e8b465ee728b)  -> (artifact id: 'c48e7a90edddc507037a60926e3cd755') in 0.007474 seconds 
  Import took 0.010221 seconds .

